{"/Users/elishaoyawale/Desktop/ts/dot/src/utils/helpers.ts": {"path":"/Users/elishaoyawale/Desktop/ts/dot/src/utils/helpers.ts","statementMap":{"0":{"start":{"line":1,"column":0},"end":{"line":1,"column":45}},"1":{"start":{"line":4,"column":4},"end":{"line":4,"column":63}},"2":{"start":{"line":15,"column":28},"end":{"line":15,"column":49}},"3":{"start":{"line":7,"column":26},"end":{"line":13,"column":1}},"4":{"start":{"line":8,"column":25},"end":{"line":8,"column":68}},"5":{"start":{"line":10,"column":4},"end":{"line":12,"column":7}},"6":{"start":{"line":15,"column":9},"end":{"line":15,"column":26}}},"fnMap":{"0":{"name":"getRandomIntFromRange","decl":{"start":{"line":3,"column":9},"end":{"line":3,"column":30}},"loc":{"start":{"line":3,"column":55},"end":{"line":5,"column":1}}},"1":{"name":"(anonymous_1)","decl":{"start":{"line":7,"column":26},"end":{"line":7,"column":27}},"loc":{"start":{"line":7,"column":67},"end":{"line":13,"column":1}}}},"branchMap":{},"s":{"0":1,"1":2,"2":1,"3":1,"4":1,"5":1,"6":1},"f":{"0":2,"1":1},"b":{}}
}
